0 info it worked if it ends with ok
1 verbose cli [ 'D:\\Program Files\\nodejs\\node.exe',
1 verbose cli   'D:\\Program Files\\nodejs\\node_modules\\npm\\bin\\npm-cli.js',
1 verbose cli   'run',
1 verbose cli   'dev' ]
2 info using npm@3.10.10
3 info using node@v6.11.0
4 verbose run-script [ 'predev', 'dev', 'postdev' ]
5 info lifecycle webui@1.0.0~predev: webui@1.0.0
6 silly lifecycle webui@1.0.0~predev: no script for predev, continuing
7 info lifecycle webui@1.0.0~dev: webui@1.0.0
8 verbose lifecycle webui@1.0.0~dev: unsafe-perm in lifecycle true
9 verbose lifecycle webui@1.0.0~dev: PATH: D:\Program Files\nodejs\node_modules\npm\bin\node-gyp-bin;f:\外\WebUI\node_modules\.bin;C:\ProgramData\Oracle\Java\javapath;C:\WINDOWS\system32;C:\WINDOWS;C:\WINDOWS\System32\Wbem;C:\WINDOWS\System32\WindowsPowerShell\v1.0\;C:\Program Files\TortoiseSVN\bin;D:\android-sdk-windows\platform-tools;D:\android-sdk-windows\tools;D:\Program Files\nodejs\node_global\node_modules;D:\Program Files\gradle-2.8\bin;D:\Python27;D:\Python27\Scripts;D:\Program Files\apache-maven-3.3.9\bin;C:\Program Files\Java\jdk1.7.0_51\bin;C:\Program Files\Java\jre7\bin;D:\Program Files (x86)\JProbe 8.1\bin;D:\apache-tomcat-7.0.67\bin;D:\MinGW\bin;D:\Program Files\nodejs\node_global;D:\Program Files\Git\cmd;D:\Program Files\TortoiseGit\bin;D:\Program Files\apache-cxf-2.7.10\bin;D:\Program Files\nodejs\;C:\Users\Administrator\AppData\Local\atom\bin;C:\Users\Administrator\AppData\Local\Microsoft\WindowsApps;D:\Microsoft VS Code Insiders\bin;C:\Users\Administrator\AppData\Roaming\npm
10 verbose lifecycle webui@1.0.0~dev: CWD: f:\外\WebUI
11 silly lifecycle webui@1.0.0~dev: Args: [ '/d /s /c', 'node build/dev-server.js' ]
12 silly lifecycle webui@1.0.0~dev: Returned: code: 3221225786  signal: null
13 info lifecycle webui@1.0.0~dev: Failed to exec dev script
14 verbose stack Error: webui@1.0.0 dev: `node build/dev-server.js`
14 verbose stack Exit status 3221225786
14 verbose stack     at EventEmitter.<anonymous> (D:\Program Files\nodejs\node_modules\npm\lib\utils\lifecycle.js:255:16)
14 verbose stack     at emitTwo (events.js:106:13)
14 verbose stack     at EventEmitter.emit (events.js:191:7)
14 verbose stack     at ChildProcess.<anonymous> (D:\Program Files\nodejs\node_modules\npm\lib\utils\spawn.js:40:14)
14 verbose stack     at emitTwo (events.js:106:13)
14 verbose stack     at ChildProcess.emit (events.js:191:7)
14 verbose stack     at maybeClose (internal/child_process.js:891:16)
14 verbose stack     at Process.ChildProcess._handle.onexit (internal/child_process.js:226:5)
15 verbose pkgid webui@1.0.0
16 verbose cwd f:\外\WebUI
17 error Windows_NT 10.0.16299
18 error argv "D:\\Program Files\\nodejs\\node.exe" "D:\\Program Files\\nodejs\\node_modules\\npm\\bin\\npm-cli.js" "run" "dev"
19 error node v6.11.0
20 error npm  v3.10.10
21 error code ELIFECYCLE
22 error webui@1.0.0 dev: `node build/dev-server.js`
22 error Exit status 3221225786
23 error Failed at the webui@1.0.0 dev script 'node build/dev-server.js'.
23 error Make sure you have the latest version of node.js and npm installed.
23 error If you do, this is most likely a problem with the webui package,
23 error not with npm itself.
23 error Tell the author that this fails on your system:
23 error     node build/dev-server.js
23 error You can get information on how to open an issue for this project with:
23 error     npm bugs webui
23 error Or if that isn't available, you can get their info via:
23 error     npm owner ls webui
23 error There is likely additional logging output above.
24 verbose exit [ 1, true ]
